<?xml version="1.0" encoding="UTF-8"?>
<!-- Generated by org.testng.reporters.JUnitXMLReporter -->
<testsuite ignored="0" hostname="LAPTOP-MFMTPE0Q" failures="0" tests="3" name="Submit Order Test" time="57.387" errors="0" timestamp="2023-12-29T17:22:54 IST">
  <testcase classname="LearnSelenium.tests.SubmitOrderTest" name="SubmitOrder" time="19.236"/>
  <testcase classname="LearnSelenium.tests.SubmitOrderTest" name="SubmitOrder" time="19.249"/>
  <testcase classname="LearnSelenium.tests.SubmitOrderTest" name="OrderHistoryTest" time="6.273"/>
</testsuite> <!-- Submit Order Test -->
