<?xml version="1.0" encoding="UTF-8"?>
<!-- Generated by org.testng.reporters.JUnitXMLReporter -->
<testsuite ignored="1" hostname="LAPTOP-MFMTPE0Q" failures="0" tests="2" name="Submit Order Test" time="50.267" errors="0" timestamp="2023-12-30T18:52:53 IST">
  <testcase classname="LearnSelenium.tests.SubmitOrderTest" name="SubmitOrder" time="19.852"/>
  <testcase classname="LearnSelenium.tests.SubmitOrderTest" name="SubmitOrder" time="20.004"/>
  <testcase classname="LearnSelenium.tests.SubmitOrderTest" name="OrderHistoryTest" time="0.0">
    <ignored/>
  </testcase> <!-- OrderHistoryTest -->
</testsuite> <!-- Submit Order Test -->
