<?xml version="1.0" encoding="UTF-8"?>
<testng-results ignored="3" total="5" passed="2" failed="0" skipped="0">
  <reporter-output>
  </reporter-output>
  <suite started-at="2023-12-30T18:52:02 IST" name="Suite" finished-at="2023-12-30T18:52:53 IST" duration-ms="50267">
    <groups>
      <group name="Purchase">
        <method signature="SubmitOrderTest.SubmitOrder(java.util.HashMap)[pri:0, instance:LearnSelenium.tests.SubmitOrderTest@4d154ccd]" name="SubmitOrder" class="LearnSelenium.tests.SubmitOrderTest"/>
      </group> <!-- Purchase -->
    </groups>
    <test started-at="2023-12-30T18:52:02 IST" name="Error Validation Test" finished-at="2023-12-30T18:52:02 IST" duration-ms="40">
    </test> <!-- Error Validation Test -->
    <test started-at="2023-12-30T18:52:02 IST" name="Submit Order Test" finished-at="2023-12-30T18:52:53 IST" duration-ms="50267">
      <class name="LearnSelenium.tests.SubmitOrderTest">
        <test-method is-config="true" signature="launchApplication()[pri:0, instance:LearnSelenium.tests.SubmitOrderTest@4d154ccd]" started-at="2023-12-30T18:52:03 IST" name="launchApplication" finished-at="2023-12-30T18:52:09 IST" duration-ms="5880" status="PASS">
          <reporter-output>
          </reporter-output>
        </test-method> <!-- launchApplication -->
        <test-method signature="SubmitOrder(java.util.HashMap)[pri:0, instance:LearnSelenium.tests.SubmitOrderTest@4d154ccd]" started-at="2023-12-30T18:52:09 IST" name="SubmitOrder" data-provider="getData" finished-at="2023-12-30T18:52:29 IST" duration-ms="19852" status="PASS">
          <params>
            <param index="0">
              <value>
                <![CDATA[{password=Iamking@000, product=ZARA COAT 3, email=anshika@gmail.com}]]>
              </value>
            </param>
          </params>
          <reporter-output>
          </reporter-output>
        </test-method> <!-- SubmitOrder -->
        <test-method is-config="true" signature="TearDown()[pri:0, instance:LearnSelenium.tests.SubmitOrderTest@4d154ccd]" started-at="2023-12-30T18:52:29 IST" name="TearDown" finished-at="2023-12-30T18:52:29 IST" duration-ms="307" status="PASS">
          <reporter-output>
          </reporter-output>
        </test-method> <!-- TearDown -->
        <test-method is-config="true" signature="launchApplication()[pri:0, instance:LearnSelenium.tests.SubmitOrderTest@4d154ccd]" started-at="2023-12-30T18:52:29 IST" name="launchApplication" finished-at="2023-12-30T18:52:32 IST" duration-ms="3563" status="PASS">
          <reporter-output>
          </reporter-output>
        </test-method> <!-- launchApplication -->
        <test-method signature="SubmitOrder(java.util.HashMap)[pri:0, instance:LearnSelenium.tests.SubmitOrderTest@4d154ccd]" started-at="2023-12-30T18:52:32 IST" name="SubmitOrder" data-provider="getData" finished-at="2023-12-30T18:52:52 IST" duration-ms="20004" status="PASS">
          <params>
            <param index="0">
              <value>
                <![CDATA[{password=Iamking@000, product=ADIDAS ORIGINAL, email=shetty@gmail.com}]]>
              </value>
            </param>
          </params>
          <reporter-output>
          </reporter-output>
        </test-method> <!-- SubmitOrder -->
        <test-method is-config="true" signature="TearDown()[pri:0, instance:LearnSelenium.tests.SubmitOrderTest@4d154ccd]" started-at="2023-12-30T18:52:52 IST" name="TearDown" finished-at="2023-12-30T18:52:53 IST" duration-ms="269" status="PASS">
          <reporter-output>
          </reporter-output>
        </test-method> <!-- TearDown -->
      </class> <!-- LearnSelenium.tests.SubmitOrderTest -->
    </test> <!-- Submit Order Test -->
  </suite> <!-- Suite -->
</testng-results>
